#
# A fatal error has been detected by the Java Runtime Environment:
#
#  Internal Error (javaCalls.cpp:51), pid=2976, tid=0x00000000000000f4
#  guarantee(thread->is_Java_thread()) failed: crucial check - the VM thread cannot and must not escape to Java code
#
# JRE version: Java(TM) SE Runtime Environment (8.0_221-b11) (build 1.8.0_221-b11)
# Java VM: Java HotSpot(TM) 64-Bit Server VM (25.221-b11 mixed mode windows-amd64 compressed oops)
# Failed to write core dump. Minidumps are not enabled by default on client versions of Windows
#
# If you would like to submit a bug report, please visit:
#   http://bugreport.java.com/bugreport/crash.jsp
#

---------------  T H R E A D  ---------------

Current thread (0x00000000179d7800):  VMThread [stack: 0x0000000018a70000,0x0000000018b70000] [id=244]

Stack: [0x0000000018a70000,0x0000000018b70000]
[error occurred during error reporting (printing stack bounds), id 0xc0000005]

Native frames: (J=compiled Java code, j=interpreted, Vv=VM code, C=native code)

VM_Operation (0x00000000194af240): GetOrSetLocal, mode: safepoint, requested by thread 0x0000000017a17000


---------------  P R O C E S S  ---------------

Java Threads: ( => current thread )
  0x000000001973d800 JavaThread "Service Thread" daemon [_thread_blocked, id=14772, stack(0x0000000019db0000,0x0000000019eb0000)]
  0x000000001972f000 JavaThread "C1 CompilerThread2" daemon [_thread_blocked, id=7788, stack(0x0000000019cb0000,0x0000000019db0000)]
  0x000000001972d800 JavaThread "C2 CompilerThread1" daemon [_thread_blocked, id=11332, stack(0x0000000019bb0000,0x0000000019cb0000)]
  0x000000001972d000 JavaThread "C2 CompilerThread0" daemon [_thread_blocked, id=15404, stack(0x0000000019ab0000,0x0000000019bb0000)]
  0x0000000017a2a800 JavaThread "JDWP Command Reader" daemon [_thread_in_native, id=13868, stack(0x00000000195b0000,0x00000000196b0000)]
  0x0000000017a29000 JavaThread "JDWP Event Helper Thread" daemon [_thread_blocked, id=16368, stack(0x00000000194b0000,0x00000000195b0000)]
  0x0000000017a17000 JavaThread "JDWP Transport Listener: dt_socket" daemon [_thread_blocked, id=6460, stack(0x00000000193b0000,0x00000000194b0000)]
  0x0000000017a11000 JavaThread "Attach Listener" daemon [_thread_blocked, id=15016, stack(0x0000000018f70000,0x0000000019070000)]
  0x0000000017a0f800 JavaThread "Signal Dispatcher" daemon [_thread_blocked, id=10840, stack(0x0000000018e70000,0x0000000018f70000)]
  0x0000000002e8d000 JavaThread "Finalizer" daemon [_thread_blocked, id=3752, stack(0x0000000018c70000,0x0000000018d70000)]
  0x0000000002e81000 JavaThread "Reference Handler" daemon [_thread_blocked, id=12556, stack(0x0000000018b70000,0x0000000018c70000)]
  0x0000000002d92800 JavaThread "main" [_thread_blocked, id=4424, stack(0x0000000002b90000,0x0000000002c90000)]

Other Threads:
=>0x00000000179d7800 VMThread [stack: 0x0000000018a70000,0x0000000018b70000] [id=244]
  0x000000001989f000 WatcherThread [stack: 0x0000000019eb0000,0x0000000019fb0000] [id=10580]

VM state:at safepoint (normal execution)

VM Mutex/Monitor currently owned by a thread:  ([mutex/lock_event])
[0x0000000002ade9f0] Threads_lock - owner thread: 0x00000000179d7800

heap address: 0x0000000081200000, size: 2030 MB, Compressed Oops mode: 32-bit
Narrow klass base: 0x0000000000000000, Narrow klass shift: 3
Compressed class space size: 1073741824 Address: 0x0000000100000000

Heap:
 PSYoungGen      total 38400K, used 5991K [0x00000000d5b80000, 0x00000000d8600000, 0x0000000100000000)
  eden space 33280K, 18% used [0x00000000d5b80000,0x00000000d6159c28,0x00000000d7c00000)
  from space 5120K, 0% used [0x00000000d8100000,0x00000000d8100000,0x00000000d8600000)
  to   space 5120K, 0% used [0x00000000d7c00000,0x00000000d7c00000,0x00000000d8100000)
 ParOldGen       total 87552K, used 0K [0x0000000081200000, 0x0000000086780000, 0x00000000d5b80000)
  object space 87552K, 0% used [0x0000000081200000,0x0000000081200000,0x0000000086780000)
 Metaspace       used 4747K, capacity 4930K, committed 5248K, reserved 1056768K
  class space    used 513K, capacity 561K, committed 640K, reserved 1048576K

Card table byte_map: [0x0000000012250000,0x0000000012650000] byte_map_base: 0x0000000011e47000

Marking Bits: (ParMarkBitMap*) 0x000000005c1a5ce0
 Begin Bits: [0x0000000012d00000, 0x0000000014cb8000)
 End Bits:   [0x0000000014cb8000, 0x0000000016c70000)

Polling page: 0x0000000000e60000

CodeCache: size=245760Kb used=1339Kb max_used=1339Kb free=244420Kb
 bounds [0x0000000002e90000, 0x0000000003100000, 0x0000000011e90000]
 total_blobs=397 nmethods=112 adapters=206
 compilation: enabled

Compilation events (10 events):
Event: 548.090 Thread 0x000000001972f000  107       3       sun.instrument.InstrumentationImpl::transform (38 bytes)
Event: 548.091 Thread 0x000000001972f000 nmethod 107 0x0000000002fdd890 code [0x0000000002fdda00, 0x0000000002fddca8]
Event: 548.091 Thread 0x000000001972f000  109       1       sun.instrument.TransformerManager::getSnapshotTransformerList (5 bytes)
Event: 548.091 Thread 0x000000001972f000 nmethod 109 0x0000000002fdddd0 code [0x0000000002fddf20, 0x0000000002fde030]
Event: 624.357 Thread 0x000000001972f000  110       3       org.eclipse.jdt.launching.internal.org.objectweb.asm.SymbolTable::hash (10 bytes)
Event: 624.357 Thread 0x000000001972f000 nmethod 110 0x0000000002fde090 code [0x0000000002fde200, 0x0000000002fde408]
Event: 624.357 Thread 0x000000001972f000  111       3       org.eclipse.jdt.launching.internal.org.objectweb.asm.ClassReader::readUTF8 (23 bytes)
Event: 624.360 Thread 0x000000001972f000 nmethod 111 0x0000000002fde4d0 code [0x0000000002fde640, 0x0000000002fde9a8]
Event: 624.360 Thread 0x000000001972f000  112       3       org.eclipse.jdt.launching.internal.org.objectweb.asm.ClassReader::readUtf (44 bytes)
Event: 624.360 Thread 0x000000001972f000 nmethod 112 0x0000000002fdeb50 code [0x0000000002fdece0, 0x0000000002fdf168]

GC Heap History (0 events):
No events

Deoptimization events (0 events):
No events

Classes redefined (4 events):
Event: 179.769 Thread 0x00000000179d7800 redefined class name=com.class9.Taskstar, count=1
Event: 265.252 Thread 0x00000000179d7800 redefined class name=com.class9.Taskstar, count=2
Event: 548.090 Thread 0x00000000179d7800 redefined class name=com.class9.Taskstar, count=3
Event: 624.359 Thread 0x00000000179d7800 redefined class name=com.class9.Taskstar, count=4

Internal exceptions (2 events):
Event: 0.049 Thread 0x0000000002d92800 Exception <a 'java/lang/NoSuchMethodError': Method sun.misc.Unsafe.defineClass(Ljava/lang/String;[BII)Ljava/lang/Class; name or signature does not match> (0x00000000d5b87cb8) thrown at [C:\re\workspace\8-2-build-windows-amd64-cygwin\jdk8u221\13320\hotspot
Event: 0.049 Thread 0x0000000002d92800 Exception <a 'java/lang/NoSuchMethodError': Method sun.misc.Unsafe.prefetchRead(Ljava/lang/Object;J)V name or signature does not match> (0x00000000d5b87fa0) thrown at [C:\re\workspace\8-2-build-windows-amd64-cygwin\jdk8u221\13320\hotspot\src\share\vm\prim

Events (10 events):
Event: 624.359 Executing VM operation: RedefineClasses done
Event: 624.371 Executing VM operation: ChangeBreakpoints
Event: 624.371 Executing VM operation: ChangeBreakpoints done
Event: 624.371 Executing VM operation: ChangeBreakpoints
Event: 624.371 Executing VM operation: ChangeBreakpoints done
Event: 624.529 Executing VM operation: GetOwnedMonitorInfo
Event: 624.530 Executing VM operation: GetOwnedMonitorInfo done
Event: 624.530 Executing VM operation: GetCurrentContendedMonitor
Event: 624.530 Executing VM operation: GetCurrentContendedMonitor done
Event: 685.046 Executing VM operation: GetOrSetLocal


Dynamic libraries:
0x00007ff7162b0000 - 0x00007ff7162e7000 	C:\Program Files\Java\jre1.8.0_221\bin\javaw.exe
0x00007ffc58860000 - 0x00007ffc58a50000 	C:\WINDOWS\SYSTEM32\ntdll.dll
0x00007ffc571a0000 - 0x00007ffc57252000 	C:\WINDOWS\System32\KERNEL32.DLL
0x00007ffc55950000 - 0x00007ffc55bf3000 	C:\WINDOWS\System32\KERNELBASE.dll
0x00007ffc57ad0000 - 0x00007ffc57b73000 	C:\WINDOWS\System32\ADVAPI32.dll
0x00007ffc575a0000 - 0x00007ffc5763e000 	C:\WINDOWS\System32\msvcrt.dll
0x00007ffc570d0000 - 0x00007ffc57167000 	C:\WINDOWS\System32\sechost.dll
0x00007ffc57f30000 - 0x00007ffc58050000 	C:\WINDOWS\System32\RPCRT4.dll
0x00007ffc576f0000 - 0x00007ffc57884000 	C:\WINDOWS\System32\USER32.dll
0x00007ffc558a0000 - 0x00007ffc558c1000 	C:\WINDOWS\System32\win32u.dll
0x00007ffc56910000 - 0x00007ffc56936000 	C:\WINDOWS\System32\GDI32.dll
0x00007ffc55c60000 - 0x00007ffc55df4000 	C:\WINDOWS\System32\gdi32full.dll
0x00007ffc560f0000 - 0x00007ffc5618e000 	C:\WINDOWS\System32\msvcp_win.dll
0x00007ffc55e00000 - 0x00007ffc55efa000 	C:\WINDOWS\System32\ucrtbase.dll
0x00007ffc4bac0000 - 0x00007ffc4bd45000 	C:\WINDOWS\WinSxS\amd64_microsoft.windows.common-controls_6595b64144ccf1df_6.0.18362.418_none_e6c6b287130d565d\COMCTL32.dll
0x00007ffc57b80000 - 0x00007ffc57eb6000 	C:\WINDOWS\System32\combase.dll
0x00007ffc558d0000 - 0x00007ffc55950000 	C:\WINDOWS\System32\bcryptPrimitives.dll
0x00007ffc57170000 - 0x00007ffc5719e000 	C:\WINDOWS\System32\IMM32.DLL
0x000000005c300000 - 0x000000005c3d2000 	C:\Program Files\Java\jre1.8.0_221\bin\msvcr100.dll
0x000000005b980000 - 0x000000005c225000 	C:\Program Files\Java\jre1.8.0_221\bin\server\jvm.dll
0x00007ffc58050000 - 0x00007ffc58058000 	C:\WINDOWS\System32\PSAPI.DLL
0x00007ffc544e0000 - 0x00007ffc544e9000 	C:\WINDOWS\SYSTEM32\WSOCK32.dll
0x00007ffc51a10000 - 0x00007ffc51a34000 	C:\WINDOWS\SYSTEM32\WINMM.dll
0x00007ffc57ec0000 - 0x00007ffc57f2f000 	C:\WINDOWS\System32\WS2_32.dll
0x00007ffc4be40000 - 0x00007ffc4be4a000 	C:\WINDOWS\SYSTEM32\VERSION.dll
0x00007ffc519e0000 - 0x00007ffc51a0d000 	C:\WINDOWS\SYSTEM32\WINMMBASE.dll
0x00007ffc56070000 - 0x00007ffc560ba000 	C:\WINDOWS\System32\cfgmgr32.dll
0x00007ffc50d70000 - 0x00007ffc50d7f000 	C:\Program Files\Java\jre1.8.0_221\bin\verify.dll
0x00007ffc46d40000 - 0x00007ffc46d69000 	C:\Program Files\Java\jre1.8.0_221\bin\java.dll
0x00007ffc4e800000 - 0x00007ffc4e835000 	C:\Program Files\Java\jre1.8.0_221\bin\jdwp.dll
0x00007ffc51460000 - 0x00007ffc51468000 	C:\Program Files\Java\jre1.8.0_221\bin\npt.dll
0x00007ffc4b910000 - 0x00007ffc4b933000 	C:\Program Files\Java\jre1.8.0_221\bin\instrument.dll
0x00007ffc50660000 - 0x00007ffc50676000 	C:\Program Files\Java\jre1.8.0_221\bin\zip.dll
0x00007ffc58130000 - 0x00007ffc58815000 	C:\WINDOWS\System32\SHELL32.dll
0x00007ffc57640000 - 0x00007ffc576e9000 	C:\WINDOWS\System32\shcore.dll
0x00007ffc56190000 - 0x00007ffc5690f000 	C:\WINDOWS\System32\windows.storage.dll
0x00007ffc55780000 - 0x00007ffc5579f000 	C:\WINDOWS\System32\profapi.dll
0x00007ffc557a0000 - 0x00007ffc557ea000 	C:\WINDOWS\System32\powrprof.dll
0x00007ffc55730000 - 0x00007ffc55740000 	C:\WINDOWS\System32\UMPDC.dll
0x00007ffc579f0000 - 0x00007ffc57a42000 	C:\WINDOWS\System32\shlwapi.dll
0x00007ffc55740000 - 0x00007ffc55751000 	C:\WINDOWS\System32\kernel.appcore.dll
0x00007ffc55f00000 - 0x00007ffc55f17000 	C:\WINDOWS\System32\cryptsp.dll
0x00007ffc509e0000 - 0x00007ffc509e9000 	C:\Program Files\Java\jre1.8.0_221\bin\dt_socket.dll
0x00007ffc3f600000 - 0x00007ffc3f616000 	C:\WINDOWS\system32\napinsp.dll
0x00007ffc3f120000 - 0x00007ffc3f13a000 	C:\WINDOWS\system32\pnrpnsp.dll
0x00007ffc54f40000 - 0x00007ffc54fa7000 	C:\WINDOWS\System32\mswsock.dll
0x00007ffc54ce0000 - 0x00007ffc54daa000 	C:\WINDOWS\SYSTEM32\DNSAPI.dll
0x00007ffc570c0000 - 0x00007ffc570c8000 	C:\WINDOWS\System32\NSI.dll
0x00007ffc54c50000 - 0x00007ffc54c8a000 	C:\WINDOWS\SYSTEM32\IPHLPAPI.DLL
0x00007ffc42a40000 - 0x00007ffc42a4e000 	C:\WINDOWS\System32\winrnr.dll
0x00007ffc51280000 - 0x00007ffc5129c000 	C:\WINDOWS\system32\NLAapi.dll
0x00007ffc3eeb0000 - 0x00007ffc3eec5000 	C:\WINDOWS\system32\wshbth.dll
0x00007ffc4d620000 - 0x00007ffc4d697000 	C:\WINDOWS\System32\fwpuclnt.dll
0x00007ffc560c0000 - 0x00007ffc560e6000 	C:\WINDOWS\System32\bcrypt.dll
0x00007ffc48830000 - 0x00007ffc4883a000 	C:\Windows\System32\rasadhlp.dll

VM Arguments:
jvm_args: -agentlib:jdwp=transport=dt_socket,suspend=y,address=localhost:53574 -javaagent:C:\Users\hnuman\eclipse\java-2019-06\eclipse\configuration\org.eclipse.osgi\226\0\.cp\lib\javaagent-shaded.jar -Dfile.encoding=Cp1252 
java_command: com.class9.Taskstar
java_class_path (initial): C:\Users\hnuman\eclipse-workspace\JavaClasses\bin;C:\Users\hnuman\eclipse\java-2019-06\eclipse\configuration\org.eclipse.osgi\226\0\.cp\lib\javaagent-shaded.jar
Launcher Type: SUN_STANDARD

Environment Variables:
PATH=C:/Program Files/Java/jre1.8.0_221/bin/server;C:/Program Files/Java/jre1.8.0_221/bin;C:/Program Files/Java/jre1.8.0_221/lib/amd64;C:\Program Files (x86)\Common Files\Oracle\Java\javapath;C:\Program Files (x86)\Intel\iCLS Client\;C:\Program Files\Intel\iCLS Client\;C:\WINDOWS\system32;C:\WINDOWS;C:\WINDOWS\System32\Wbem;C:\WINDOWS\System32\WindowsPowerShell\v1.0\;c:\Program Files\Intel\IntelSGXPSW\bin\x64\Release\;c:\Program Files\Intel\IntelSGXPSW\bin\win32\Release\;C:\Program Files (x86)\Intel\Intel(R) Management Engine Components\DAL;C:\Program Files\Intel\Intel(R) Management Engine Components\DAL;C:\Program Files (x86)\Intel\Intel(R) Management Engine Components\IPT;C:\Program Files\Intel\Intel(R) Management Engine Components\IPT;C:\WINDOWS\System32\OpenSSH\;C:\Program Files\Intel\WiFi\bin\;C:\Program Files\Common Files\Intel\WirelessCommon\;C:\Program Files\Java\jdk-12.0.2\bin;C:\Users\hnuman\AppData\Local\Microsoft\WindowsApps;;C:\Users\hnuman\eclipse\java-2019-06\eclipse;
USERNAME=hnuman
OS=Windows_NT
PROCESSOR_IDENTIFIER=Intel64 Family 6 Model 78 Stepping 3, GenuineIntel



---------------  S Y S T E M  ---------------

OS: Windows 10.0 , 64 bit Build 18362 (10.0.18362.329)

CPU:total 4 (initial active 4) (2 cores per cpu, 2 threads per core) family 6 model 78 stepping 3, cmov, cx8, fxsr, mmx, sse, sse2, sse3, ssse3, sse4.1, sse4.2, popcnt, avx, avx2, aes, clmul, erms, 3dnowpref, lzcnt, ht, tsc, tscinvbit, bmi1, bmi2, adx

Memory: 4k page, physical 8307104k(3980488k free), swap 9683804k(3272160k free)

vm_info: Java HotSpot(TM) 64-Bit Server VM (25.221-b11) for windows-amd64 JRE (1.8.0_221-b11), built on Jul  4 2019 04:39:29 by "java_re" with MS VC++ 10.0 (VS2010)

time: Sat Oct 19 19:49:56 2019
timezone: Eastern Daylight Time
elapsed time: 685 seconds (0d 0h 11m 25s)

